<?xml version="1.0" encoding="UTF-8"?>
<!-- Generated by org.testng.reporters.JUnitReportReporter -->
<testsuite hostname="Ryyyzzennnn1992" failures="0" tests="1" name="mpack.ThreeTest" time="0.016" errors="0" timestamp="2023-03-23T22:54:01 IST" skipped="0">
  <testcase classname="mpack.ThreeTest" name="m3" time="0.016"/>
  <system-out/>
</testsuite> <!-- mpack.ThreeTest -->
