<?xml version="1.0" encoding="UTF-8"?>
<!-- Generated by org.testng.reporters.JUnitReportReporter -->
<testsuite hostname="Ryyyzzennnn1992" failures="0" tests="1" name="mpack.OneTest" time="8.987" errors="0" timestamp="2023-03-24T16:31:08 IST" skipped="0">
  <testcase classname="mpack.OneTest" name="m1" time="8.987"/>
  <system-out/>
</testsuite> <!-- mpack.OneTest -->
