<?xml version="1.0" encoding="UTF-8"?>
<!-- Generated by org.testng.reporters.JUnitReportReporter -->
<testsuite hostname="Ryyyzzennnn1992" failures="0" tests="1" name="mpack.FourTest" time="0.014" errors="0" timestamp="2023-04-01T19:45:14 IST" skipped="0">
  <testcase classname="mpack.FourTest" name="m4" time="0.014"/>
  <system-out/>
</testsuite> <!-- mpack.FourTest -->
