<?xml version="1.0" encoding="UTF-8"?>
<!-- Generated by org.testng.reporters.JUnitReportReporter -->
<testsuite hostname="Ryyyzzennnn1992" failures="0" tests="1" name="mpack.OneTest" time="19.178" errors="0" timestamp="2023-04-01T19:45:14 IST" skipped="0">
  <testcase classname="mpack.OneTest" name="m1" time="19.178"/>
  <system-out/>
</testsuite> <!-- mpack.OneTest -->
